<?xml version="1.0" encoding="UTF-8"?>
<testsuite xmlns:xsi="http://www.w3.org/2001/XMLSchema-instance" xsi:noNamespaceSchemaLocation="https://maven.apache.org/surefire/maven-surefire-plugin/xsd/surefire-test-report-3.0.xsd" version="3.0" name="com.importorder.service.UC4_CreateOrderRequestTest" time="0.022" tests="9" errors="0" skipped="0" failures="0">
  <properties>
[...]
</properties>
  <testcase name="testCreateRequest_TC09_Success" classname="com.importorder.service.UC4_CreateOrderRequestTest" time="0.009"/>
  <testcase name="testCreateRequest_TC05_BlankUnit" classname="com.importorder.service.UC4_CreateOrderRequestTest" time="0.003"/>
  <testcase name="testCreateRequest_TC06_InvalidDeliveryDate" classname="com.importorder.service.UC4_CreateOrderRequestTest" time="0.001"/>
  <testcase name="testCreateRequest_TC07_DuplicateItemCode" classname="com.importorder.service.UC4_CreateOrderRequestTest" time="0.001"/>
  <testcase name="testCreateRequest_TC08_ItemCodeNotFound" classname="com.importorder.service.UC4_CreateOrderRequestTest" time="0.001"/>
  <testcase name="testCreateRequest_TC03_BlankItemCode" classname="com.importorder.service.UC4_CreateOrderRequestTest" time="0.0"/>
  <testcase name="testCreateRequest_TC04_InvalidQty" classname="com.importorder.service.UC4_CreateOrderRequestTest" time="0.001"/>
  <testcase name="testCreateRequest_TC01_NullItems" classname="com.importorder.service.UC4_CreateOrderRequestTest" time="0.001"/>
  <testcase name="testCreateRequest_TC02_EmptyItems" classname="com.importorder.service.UC4_CreateOrderRequestTest" time="0.001"/>
</testsuite>